<?xml version="1.0" encoding="UTF-8"?>
<testsuite xmlns:xsi="http://www.w3.org/2001/XMLSchema-instance" xsi:noNamespaceSchemaLocation="https://maven.apache.org/surefire/maven-surefire-plugin/xsd/surefire-test-report-3.0.xsd" version="3.0" name="com.ipleiria.mcs.datacollector.update.sensors.AppTest" time="0.029" tests="1" errors="0" skipped="0" failures="0">
  <properties>
    <property name="sun.desktop" value="gnome"/>
    <property name="awt.toolkit" value="sun.awt.X11.XToolkit"/>
    <property name="file.encoding.pkg" value="sun.io"/>
    <property name="java.specification.version" value="1.8"/>
    <property name="sun.cpu.isalist" value=""/>
    <property name="sun.jnu.encoding" value="UTF-8"/>
    <property name="java.class.path" value="/media/emerson/Shared/Projects/mei-cm/mcs/environment-monitoring/sources/update-sensors/target/test-classes:/media/emerson/Shared/Projects/mei-cm/mcs/environment-monitoring/sources/update-sensors/target/classes:/home/emerson/.m2/repository/junit/junit/3.8.1/junit-3.8.1.jar:/home/emerson/.m2/repository/org/json/json/20180813/json-20180813.jar:/home/emerson/.m2/repository/org/osgi/org.osgi.core/4.2.0/org.osgi.core-4.2.0.jar:/home/emerson/.m2/repository/org/osgi/org.osgi.service.component.annotations/1.4.0/org.osgi.service.component.annotations-1.4.0.jar:/home/emerson/.m2/repository/org/osgi/org.osgi.service.event/1.4.0/org.osgi.service.event-1.4.0.jar:"/>
    <property name="java.vm.vendor" value="Oracle Corporation"/>
    <property name="sun.arch.data.model" value="64"/>
    <property name="java.vendor.url" value="http://java.oracle.com/"/>
    <property name="user.timezone" value=""/>
    <property name="java.vm.specification.version" value="1.8"/>
    <property name="os.name" value="Linux"/>
    <property name="user.country" value="US"/>
    <property name="sun.java.launcher" value="SUN_STANDARD"/>
    <property name="sun.boot.library.path" value="/usr/lib/jvm/java-8-openjdk-amd64/jre/lib/amd64"/>
    <property name="sun.java.command" value="/media/emerson/Shared/Projects/mei-cm/mcs/environment-monitoring/sources/update-sensors/target/surefire/surefirebooter4326797588637337263.jar /media/emerson/Shared/Projects/mei-cm/mcs/environment-monitoring/sources/update-sensors/target/surefire 2019-05-03T13-28-56_206-jvmRun1 surefire5712102822061269023tmp surefire_06011841863928563937tmp"/>
    <property name="surefire.test.class.path" value="/media/emerson/Shared/Projects/mei-cm/mcs/environment-monitoring/sources/update-sensors/target/test-classes:/media/emerson/Shared/Projects/mei-cm/mcs/environment-monitoring/sources/update-sensors/target/classes:/home/emerson/.m2/repository/junit/junit/3.8.1/junit-3.8.1.jar:/home/emerson/.m2/repository/org/json/json/20180813/json-20180813.jar:/home/emerson/.m2/repository/org/osgi/org.osgi.core/4.2.0/org.osgi.core-4.2.0.jar:/home/emerson/.m2/repository/org/osgi/org.osgi.service.component.annotations/1.4.0/org.osgi.service.component.annotations-1.4.0.jar:/home/emerson/.m2/repository/org/osgi/org.osgi.service.event/1.4.0/org.osgi.service.event-1.4.0.jar:"/>
    <property name="sun.cpu.endian" value="little"/>
    <property name="user.home" value="/home/emerson"/>
    <property name="user.language" value="en"/>
    <property name="java.specification.vendor" value="Oracle Corporation"/>
    <property name="java.home" value="/usr/lib/jvm/java-8-openjdk-amd64/jre"/>
    <property name="basedir" value="/media/emerson/Shared/Projects/mei-cm/mcs/environment-monitoring/sources/update-sensors"/>
    <property name="file.separator" value="/"/>
    <property name="line.separator" value="&#10;"/>
    <property name="java.vm.specification.vendor" value="Oracle Corporation"/>
    <property name="java.specification.name" value="Java Platform API Specification"/>
    <property name="java.awt.graphicsenv" value="sun.awt.X11GraphicsEnvironment"/>
    <property name="surefire.real.class.path" value="/media/emerson/Shared/Projects/mei-cm/mcs/environment-monitoring/sources/update-sensors/target/surefire/surefirebooter4326797588637337263.jar"/>
    <property name="sun.boot.class.path" value="/usr/lib/jvm/java-8-openjdk-amd64/jre/lib/resources.jar:/usr/lib/jvm/java-8-openjdk-amd64/jre/lib/rt.jar:/usr/lib/jvm/java-8-openjdk-amd64/jre/lib/sunrsasign.jar:/usr/lib/jvm/java-8-openjdk-amd64/jre/lib/jsse.jar:/usr/lib/jvm/java-8-openjdk-amd64/jre/lib/jce.jar:/usr/lib/jvm/java-8-openjdk-amd64/jre/lib/charsets.jar:/usr/lib/jvm/java-8-openjdk-amd64/jre/lib/jfr.jar:/usr/lib/jvm/java-8-openjdk-amd64/jre/classes"/>
    <property name="sun.management.compiler" value="HotSpot 64-Bit Tiered Compilers"/>
    <property name="java.runtime.version" value="1.8.0_191-8u191-b12-2ubuntu0.18.04.1-b12"/>
    <property name="user.name" value="emerson"/>
    <property name="path.separator" value=":"/>
    <property name="os.version" value="4.15.0-48-generic"/>
    <property name="java.endorsed.dirs" value="/usr/lib/jvm/java-8-openjdk-amd64/jre/lib/endorsed"/>
    <property name="java.runtime.name" value="OpenJDK Runtime Environment"/>
    <property name="file.encoding" value="UTF-8"/>
    <property name="java.vm.name" value="OpenJDK 64-Bit Server VM"/>
    <property name="localRepository" value="/home/emerson/.m2/repository"/>
    <property name="java.vendor.url.bug" value="http://bugreport.sun.com/bugreport/"/>
    <property name="java.io.tmpdir" value="/tmp"/>
    <property name="java.version" value="1.8.0_191"/>
    <property name="user.dir" value="/media/emerson/Shared/Projects/mei-cm/mcs/environment-monitoring/sources/update-sensors"/>
    <property name="os.arch" value="amd64"/>
    <property name="java.vm.specification.name" value="Java Virtual Machine Specification"/>
    <property name="java.awt.printerjob" value="sun.print.PSPrinterJob"/>
    <property name="sun.os.patch.level" value="unknown"/>
    <property name="java.library.path" value="/usr/java/packages/lib/amd64:/usr/lib/x86_64-linux-gnu/jni:/lib/x86_64-linux-gnu:/usr/lib/x86_64-linux-gnu:/usr/lib/jni:/lib:/usr/lib"/>
    <property name="java.vm.info" value="mixed mode"/>
    <property name="java.vendor" value="Oracle Corporation"/>
    <property name="java.vm.version" value="25.191-b12"/>
    <property name="java.ext.dirs" value="/usr/lib/jvm/java-8-openjdk-amd64/jre/lib/ext:/usr/java/packages/lib/ext"/>
    <property name="sun.io.unicode.encoding" value="UnicodeLittle"/>
    <property name="java.class.version" value="52.0"/>
  </properties>
  <testcase name="testApp" classname="com.ipleiria.mcs.datacollector.update.sensors.AppTest" time="0.01"/>
</testsuite>